<?xml version="1.0" encoding="UTF-8"?>
<testsuites>
  <testsuite name="indexTest" file="/Users/jchm/itvb23ows-starter-code/tests/indexTest.php" tests="1" assertions="5" errors="0" failures="0" skipped="0" time="0.005023">
    <testcase name="testIsPositionValid" file="/Users/jchm/itvb23ows-starter-code/tests/indexTest.php" line="27" class="indexTest" classname="indexTest" assertions="5" time="0.005023"/>
  </testsuite>
</testsuites>
